{"numTotalTestSuites":8,"numPassedTestSuites":8,"numFailedTestSuites":0,"numPendingTestSuites":0,"numTotalTests":52,"numPassedTests":52,"numFailedTests":0,"numPendingTests":0,"numTodoTests":0,"snapshot":{"added":0,"failure":false,"filesAdded":0,"filesRemoved":0,"filesRemovedList":[],"filesUnmatched":0,"filesUpdated":0,"matched":0,"total":0,"unchecked":0,"uncheckedKeysByFile":[],"unmatched":0,"updated":0,"didUpdate":false},"startTime":1790331093752,"success":true,"testResults":[{"assertionResults":[{"ancestorTitles":["SEC-AUTHZ-01: body-supplied requesterId is ignored"],"fullName":"SEC-AUTHZ-01: body-supplied requesterId is ignored created ticket is owned by the authenticated identity, never the body value","status":"passed","title":"created ticket is owned by the authenticated identity, never the body value","duration":83.90840000000026,"failureMessages":[],"meta":{},"tags":[]},{"ancestorTitles":["SEC-AUTHZ-04: unauthenticated reference-data access"],"fullName":"SEC-AUTHZ-04: unauthenticated reference-data access GET /api/categories without a session -> 401 UNAUTHENTICATED","status":"passed","title":"GET /api/categories without a session -> 401 UNAUTHENTICATED","duration":10.2479000000003,"failureMessages":[],"meta":{},"tags":[]},{"ancestorTitles":["SEC-AUTHZ-04: unauthenticated reference-data access"],"fullName":"SEC-AUTHZ-04: unauthenticated reference-data access GET /api/related-systems without a session -> 401 UNAUTHENTICATED","status":"passed","title":"GET /api/related-systems without a session -> 401 UNAUTHENTICATED","duration":11.690700000000106,"failureMessages":[],"meta":{},"tags":[]},{"ancestorTitles":["SEC-AUTHZ-04: unauthenticated reference-data access"],"fullName":"SEC-AUTHZ-04: unauthenticated reference-data access both endpoints return 200 with a valid session","status":"passed","title":"both endpoints return 200 with a valid session","duration":40.33059999999932,"failureMessages":[],"meta":{},"tags":[]},{"ancestorTitles":["SEC-AUTHZ-05 (extended): shared-read authorization matrix"],"fullName":"SEC-AUTHZ-05 (extended): shared-read authorization matrix Ticket Detail: owner 200 / non-owner Requester 404 / IT Staff 200 / Administrator 200","status":"passed","title":"Ticket Detail: owner 200 / non-owner Requester 404 / IT Staff 200 / Administrator 200","duration":102.56460000000061,"failureMessages":[],"meta":{},"tags":[]},{"ancestorTitles":["SEC-AUTHZ-05 (extended): shared-read authorization matrix"],"fullName":"SEC-AUTHZ-05 (extended): shared-read authorization matrix Attachment list: owner 200 / non-owner Requester 404 / IT Staff 200 / Administrator 200","status":"passed","title":"Attachment list: owner 200 / non-owner Requester 404 / IT Staff 200 / Administrator 200","duration":88.02520000000004,"failureMessages":[],"meta":{},"tags":[]},{"ancestorTitles":["SEC-AUTHZ-05 (extended): shared-read authorization matrix"],"fullName":"SEC-AUTHZ-05 (extended): shared-read authorization matrix Attachment download: owner 200 / non-owner Requester 404 / IT Staff 200 / Administrator 200","status":"passed","title":"Attachment download: owner 200 / non-owner Requester 404 / IT Staff 200 / Administrator 200","duration":95.91299999999956,"failureMessages":[],"meta":{},"tags":[]},{"ancestorTitles":["SEC-AUTHZ-05 (extended): shared-read authorization matrix"],"fullName":"SEC-AUTHZ-05 (extended): shared-read authorization matrix Attachment preview: owner 200 / non-owner Requester 404 / IT Staff 200 / Administrator 200","status":"passed","title":"Attachment preview: owner 200 / non-owner Requester 404 / IT Staff 200 / Administrator 200","duration":87.18199999999979,"failureMessages":[],"meta":{},"tags":[]},{"ancestorTitles":["SEC-AUTHZ-07 (frozen row — full coverage): CSRF on every protected mutation route"],"fullName":"SEC-AUTHZ-07 (frozen row — full coverage): CSRF on every protected mutation route POST /api/auth/logout: missing CSRF token -> 403 FORBIDDEN, no state change","status":"passed","title":"POST /api/auth/logout: missing CSRF token -> 403 FORBIDDEN, no state change","duration":757.9115999999995,"failureMessages":[],"meta":{},"tags":[]},{"ancestorTitles":["SEC-AUTHZ-07 (frozen row — full coverage): CSRF on every protected mutation route"],"fullName":"SEC-AUTHZ-07 (frozen row — full coverage): CSRF on every protected mutation route POST /api/auth/logout: invalid CSRF token -> 403 FORBIDDEN, no state change","status":"passed","title":"POST /api/auth/logout: invalid CSRF token -> 403 FORBIDDEN, no state change","duration":477.2918000000009,"failureMessages":[],"meta":{},"tags":[]},{"ancestorTitles":["SEC-AUTHZ-07 (frozen row — full coverage): CSRF on every protected mutation route"],"fullName":"SEC-AUTHZ-07 (frozen row — full coverage): CSRF on every protected mutation route POST /api/auth/change-password: missing CSRF token -> 403 FORBIDDEN, no state change","status":"passed","title":"POST /api/auth/change-password: missing CSRF token -> 403 FORBIDDEN, no state change","duration":445.35309999999936,"failureMessages":[],"meta":{},"tags":[]},{"ancestorTitles":["SEC-AUTHZ-07 (frozen row — full coverage): CSRF on every protected mutation route"],"fullName":"SEC-AUTHZ-07 (frozen row — full coverage): CSRF on every protected mutation route POST /api/auth/change-password: invalid CSRF token -> 403 FORBIDDEN, no state change","status":"passed","title":"POST /api/auth/change-password: invalid CSRF token -> 403 FORBIDDEN, no state change","duration":474.09009999999944,"failureMessages":[],"meta":{},"tags":[]},{"ancestorTitles":["SEC-AUTHZ-07 (frozen row — full coverage): CSRF on every protected mutation route"],"fullName":"SEC-AUTHZ-07 (frozen row — full coverage): CSRF on every protected mutation route POST /api/tickets: missing CSRF token -> 403 FORBIDDEN, no state change","status":"passed","title":"POST /api/tickets: missing CSRF token -> 403 FORBIDDEN, no state change","duration":491.5097999999998,"failureMessages":[],"meta":{},"tags":[]},{"ancestorTitles":["SEC-AUTHZ-07 (frozen row — full coverage): CSRF on every protected mutation route"],"fullName":"SEC-AUTHZ-07 (frozen row — full coverage): CSRF on every protected mutation route POST /api/tickets: invalid CSRF token -> 403 FORBIDDEN, no state change","status":"passed","title":"POST /api/tickets: invalid CSRF token -> 403 FORBIDDEN, no state change","duration":459.0189999999993,"failureMessages":[],"meta":{},"tags":[]},{"ancestorTitles":["SEC-AUTHZ-07 (frozen row — full coverage): CSRF on every protected mutation route"],"fullName":"SEC-AUTHZ-07 (frozen row — full coverage): CSRF on every protected mutation route POST /api/tickets/:ticketNumber/attachments: missing CSRF token -> 403 FORBIDDEN, no state change","status":"passed","title":"POST /api/tickets/:ticketNumber/attachments: missing CSRF token -> 403 FORBIDDEN, no state change","duration":447.22659999999996,"failureMessages":[],"meta":{},"tags":[]},{"ancestorTitles":["SEC-AUTHZ-07 (frozen row — full coverage): CSRF on every protected mutation route"],"fullName":"SEC-AUTHZ-07 (frozen row — full coverage): CSRF on every protected mutation route POST /api/tickets/:ticketNumber/attachments: invalid CSRF token -> 403 FORBIDDEN, no state change","status":"passed","title":"POST /api/tickets/:ticketNumber/attachments: invalid CSRF token -> 403 FORBIDDEN, no state change","duration":457.4485000000004,"failureMessages":[],"meta":{},"tags":[]},{"ancestorTitles":["SEC-AUTHZ-07 (frozen row — full coverage): CSRF on every protected mutation route"],"fullName":"SEC-AUTHZ-07 (frozen row — full coverage): CSRF on every protected mutation route DELETE /api/attachments/:attachmentId: missing CSRF token -> 403 FORBIDDEN, no state change","status":"passed","title":"DELETE /api/attachments/:attachmentId: missing CSRF token -> 403 FORBIDDEN, no state change","duration":438.4866000000002,"failureMessages":[],"meta":{},"tags":[]},{"ancestorTitles":["SEC-AUTHZ-07 (frozen row — full coverage): CSRF on every protected mutation route"],"fullName":"SEC-AUTHZ-07 (frozen row — full coverage): CSRF on every protected mutation route DELETE /api/attachments/:attachmentId: invalid CSRF token -> 403 FORBIDDEN, no state change","status":"passed","title":"DELETE /api/attachments/:attachmentId: invalid CSRF token -> 403 FORBIDDEN, no state change","duration":492.9976999999999,"failureMessages":[],"meta":{},"tags":[]},{"ancestorTitles":["SEC-AUTHZ-07 (frozen row — full coverage): CSRF on every protected mutation route"],"fullName":"SEC-AUTHZ-07 (frozen row — full coverage): CSRF on every protected mutation route POST /api/staff/tickets/:ticketNumber/owner: missing CSRF token -> 403 FORBIDDEN, no state change","status":"passed","title":"POST /api/staff/tickets/:ticketNumber/owner: missing CSRF token -> 403 FORBIDDEN, no state change","duration":444.61019999999917,"failureMessages":[],"meta":{},"tags":[]},{"ancestorTitles":["SEC-AUTHZ-07 (frozen row — full coverage): CSRF on every protected mutation route"],"fullName":"SEC-AUTHZ-07 (frozen row — full coverage): CSRF on every protected mutation route POST /api/staff/tickets/:ticketNumber/owner: invalid CSRF token -> 403 FORBIDDEN, no state change","status":"passed","title":"POST /api/staff/tickets/:ticketNumber/owner: invalid CSRF token -> 403 FORBIDDEN, no state change","duration":457.2550999999985,"failureMessages":[],"meta":{},"tags":[]},{"ancestorTitles":["SEC-AUTHZ-07 (frozen row — full coverage): CSRF on every protected mutation route"],"fullName":"SEC-AUTHZ-07 (frozen row — full coverage): CSRF on every protected mutation route PATCH /api/staff/tickets/:ticketNumber/priority: missing CSRF token -> 403 FORBIDDEN, no state change","status":"passed","title":"PATCH /api/staff/tickets/:ticketNumber/priority: missing CSRF token -> 403 FORBIDDEN, no state change","duration":457.3588,"failureMessages":[],"meta":{},"tags":[]},{"ancestorTitles":["SEC-AUTHZ-07 (frozen row — full coverage): CSRF on every protected mutation route"],"fullName":"SEC-AUTHZ-07 (frozen row — full coverage): CSRF on every protected mutation route PATCH /api/staff/tickets/:ticketNumber/priority: invalid CSRF token -> 403 FORBIDDEN, no state change","status":"passed","title":"PATCH /api/staff/tickets/:ticketNumber/priority: invalid CSRF token -> 403 FORBIDDEN, no state change","duration":446.1375999999982,"failureMessages":[],"meta":{},"tags":[]},{"ancestorTitles":["SEC-AUTHZ-07 (frozen row — full coverage): CSRF on every protected mutation route"],"fullName":"SEC-AUTHZ-07 (frozen row — full coverage): CSRF on every protected mutation route PATCH /api/staff/tickets/:ticketNumber/status: missing CSRF token -> 403 FORBIDDEN, no state change","status":"passed","title":"PATCH /api/staff/tickets/:ticketNumber/status: missing CSRF token -> 403 FORBIDDEN, no state change","duration":472.2510000000002,"failureMessages":[],"meta":{},"tags":[]},{"ancestorTitles":["SEC-AUTHZ-07 (frozen row — full coverage): CSRF on every protected mutation route"],"fullName":"SEC-AUTHZ-07 (frozen row — full coverage): CSRF on every protected mutation route PATCH /api/staff/tickets/:ticketNumber/status: invalid CSRF token -> 403 FORBIDDEN, no state change","status":"passed","title":"PATCH /api/staff/tickets/:ticketNumber/status: invalid CSRF token -> 403 FORBIDDEN, no state change","duration":445.5663999999997,"failureMessages":[],"meta":{},"tags":[]},{"ancestorTitles":["SEC-AUTHZ-07 (frozen row — full coverage): CSRF on every protected mutation route"],"fullName":"SEC-AUTHZ-07 (frozen row — full coverage): CSRF on every protected mutation route POST /api/tickets/:ticketNumber/comments: missing CSRF token -> 403 FORBIDDEN, no state change","status":"passed","title":"POST /api/tickets/:ticketNumber/comments: missing CSRF token -> 403 FORBIDDEN, no state change","duration":453.71750000000065,"failureMessages":[],"meta":{},"tags":[]},{"ancestorTitles":["SEC-AUTHZ-07 (frozen row — full coverage): CSRF on every protected mutation route"],"fullName":"SEC-AUTHZ-07 (frozen row — full coverage): CSRF on every protected mutation route POST /api/tickets/:ticketNumber/comments: invalid CSRF token -> 403 FORBIDDEN, no state change","status":"passed","title":"POST /api/tickets/:ticketNumber/comments: invalid CSRF token -> 403 FORBIDDEN, no state change","duration":445.8252999999986,"failureMessages":[],"meta":{},"tags":[]},{"ancestorTitles":["SEC-AUTHZ-07 (frozen row — full coverage): CSRF on every protected mutation route"],"fullName":"SEC-AUTHZ-07 (frozen row — full coverage): CSRF on every protected mutation route POST /api/staff/tickets/:ticketNumber/notes: missing CSRF token -> 403 FORBIDDEN, no state change","status":"passed","title":"POST /api/staff/tickets/:ticketNumber/notes: missing CSRF token -> 403 FORBIDDEN, no state change","duration":435.52659999999923,"failureMessages":[],"meta":{},"tags":[]},{"ancestorTitles":["SEC-AUTHZ-07 (frozen row — full coverage): CSRF on every protected mutation route"],"fullName":"SEC-AUTHZ-07 (frozen row — full coverage): CSRF on every protected mutation route POST /api/staff/tickets/:ticketNumber/notes: invalid CSRF token -> 403 FORBIDDEN, no state change","status":"passed","title":"POST /api/staff/tickets/:ticketNumber/notes: invalid CSRF token -> 403 FORBIDDEN, no state change","duration":471.229800000001,"failureMessages":[],"meta":{},"tags":[]},{"ancestorTitles":["SEC-AUTHZ-07 (frozen row — full coverage): CSRF on every protected mutation route"],"fullName":"SEC-AUTHZ-07 (frozen row — full coverage): CSRF on every protected mutation route POST /api/tickets/:ticketNumber/appears-resolved: missing CSRF token -> 403 FORBIDDEN, no state change","status":"passed","title":"POST /api/tickets/:ticketNumber/appears-resolved: missing CSRF token -> 403 FORBIDDEN, no state change","duration":456.48679999999877,"failureMessages":[],"meta":{},"tags":[]},{"ancestorTitles":["SEC-AUTHZ-07 (frozen row — full coverage): CSRF on every protected mutation route"],"fullName":"SEC-AUTHZ-07 (frozen row — full coverage): CSRF on every protected mutation route POST /api/tickets/:ticketNumber/appears-resolved: invalid CSRF token -> 403 FORBIDDEN, no state change","status":"passed","title":"POST /api/tickets/:ticketNumber/appears-resolved: invalid CSRF token -> 403 FORBIDDEN, no state change","duration":444.3063999999995,"failureMessages":[],"meta":{},"tags":[]},{"ancestorTitles":["SEC-AUTHZ-07 (frozen row — full coverage): CSRF on every protected mutation route"],"fullName":"SEC-AUTHZ-07 (frozen row — full coverage): CSRF on every protected mutation route POST /api/admin/users: missing CSRF token -> 403 FORBIDDEN, no state change","status":"passed","title":"POST /api/admin/users: missing CSRF token -> 403 FORBIDDEN, no state change","duration":436.78369999999995,"failureMessages":[],"meta":{},"tags":[]},{"ancestorTitles":["SEC-AUTHZ-07 (frozen row — full coverage): CSRF on every protected mutation route"],"fullName":"SEC-AUTHZ-07 (frozen row — full coverage): CSRF on every protected mutation route POST /api/admin/users: invalid CSRF token -> 403 FORBIDDEN, no state change","status":"passed","title":"POST /api/admin/users: invalid CSRF token -> 403 FORBIDDEN, no state change","duration":462.20700000000033,"failureMessages":[],"meta":{},"tags":[]},{"ancestorTitles":["SEC-AUTHZ-07 (frozen row — full coverage): CSRF on every protected mutation route"],"fullName":"SEC-AUTHZ-07 (frozen row — full coverage): CSRF on every protected mutation route PATCH /api/admin/users/:userId: missing CSRF token -> 403 FORBIDDEN, no state change","status":"passed","title":"PATCH /api/admin/users/:userId: missing CSRF token -> 403 FORBIDDEN, no state change","duration":451.6091000000015,"failureMessages":[],"meta":{},"tags":[]},{"ancestorTitles":["SEC-AUTHZ-07 (frozen row — full coverage): CSRF on every protected mutation route"],"fullName":"SEC-AUTHZ-07 (frozen row — full coverage): CSRF on every protected mutation route PATCH /api/admin/users/:userId: invalid CSRF token -> 403 FORBIDDEN, no state change","status":"passed","title":"PATCH /api/admin/users/:userId: invalid CSRF token -> 403 FORBIDDEN, no state change","duration":492.27310000000216,"failureMessages":[],"meta":{},"tags":[]},{"ancestorTitles":["SEC-AUTHZ-07 (frozen row — full coverage): CSRF on every protected mutation route"],"fullName":"SEC-AUTHZ-07 (frozen row — full coverage): CSRF on every protected mutation route POST /api/admin/users/:userId/initial-password: missing CSRF token -> 403 FORBIDDEN, no state change","status":"passed","title":"POST /api/admin/users/:userId/initial-password: missing CSRF token -> 403 FORBIDDEN, no state change","duration":432.4202000000005,"failureMessages":[],"meta":{},"tags":[]},{"ancestorTitles":["SEC-AUTHZ-07 (frozen row — full coverage): CSRF on every protected mutation route"],"fullName":"SEC-AUTHZ-07 (frozen row — full coverage): CSRF on every protected mutation route POST /api/admin/users/:userId/initial-password: invalid CSRF token -> 403 FORBIDDEN, no state change","status":"passed","title":"POST /api/admin/users/:userId/initial-password: invalid CSRF token -> 403 FORBIDDEN, no state change","duration":440.5781999999999,"failureMessages":[],"meta":{},"tags":[]},{"ancestorTitles":["SEC-AUTHZ-07 (frozen row — full coverage): CSRF on every protected mutation route"],"fullName":"SEC-AUTHZ-07 (frozen row — full coverage): CSRF on every protected mutation route no state change: a CSRF-rejected create leaves no ticket behind","status":"passed","title":"no state change: a CSRF-rejected create leaves no ticket behind","duration":20.24250000000029,"failureMessages":[],"meta":{},"tags":[]},{"ancestorTitles":["SEC-AUTHZ-07 (frozen row — full coverage): CSRF on every protected mutation route"],"fullName":"SEC-AUTHZ-07 (frozen row — full coverage): CSRF on every protected mutation route no state change: a CSRF-rejected logout leaves the session valid","status":"passed","title":"no state change: a CSRF-rejected logout leaves the session valid","duration":387.0604999999996,"failureMessages":[],"meta":{},"tags":[]},{"ancestorTitles":["SEC-AUTHZ-07 (frozen row — full coverage): CSRF on every protected mutation route"],"fullName":"SEC-AUTHZ-07 (frozen row — full coverage): CSRF on every protected mutation route a valid CSRF token lets the mutation proceed","status":"passed","title":"a valid CSRF token lets the mutation proceed","duration":53.27610000000277,"failureMessages":[],"meta":{},"tags":[]},{"ancestorTitles":["SEC-AUTHZ-07 (frozen row — full coverage): CSRF on every protected mutation route"],"fullName":"SEC-AUTHZ-07 (frozen row — full coverage): CSRF on every protected mutation route valid-token controls reach every additional mutation handler","status":"passed","title":"valid-token controls reach every additional mutation handler","duration":639.7731999999996,"failureMessages":[],"meta":{},"tags":[]},{"ancestorTitles":["SEC-AUTHZ-07 (frozen row — full coverage): CSRF on every protected mutation route"],"fullName":"SEC-AUTHZ-07 (frozen row — full coverage): CSRF on every protected mutation route valid CSRF tokens authorize password change and logout","status":"passed","title":"valid CSRF tokens authorize password change and logout","duration":752.2717999999986,"failureMessages":[],"meta":{},"tags":[]},{"ancestorTitles":["SEC-AUTHZ-10: Staff/Admin cannot mutate attachments (view-only)"],"fullName":"SEC-AUTHZ-10: Staff/Admin cannot mutate attachments (view-only) IT Staff upload -> 403 and no attachment row created","status":"passed","title":"IT Staff upload -> 403 and no attachment row created","duration":25.247699999999895,"failureMessages":[],"meta":{},"tags":[]},{"ancestorTitles":["SEC-AUTHZ-10: Staff/Admin cannot mutate attachments (view-only)"],"fullName":"SEC-AUTHZ-10: Staff/Admin cannot mutate attachments (view-only) Administrator upload -> 403 and no attachment row created","status":"passed","title":"Administrator upload -> 403 and no attachment row created","duration":21.610399999997753,"failureMessages":[],"meta":{},"tags":[]},{"ancestorTitles":["SEC-AUTHZ-10: Staff/Admin cannot mutate attachments (view-only)"],"fullName":"SEC-AUTHZ-10: Staff/Admin cannot mutate attachments (view-only) IT Staff delete -> 403 and the attachment is unchanged","status":"passed","title":"IT Staff delete -> 403 and the attachment is unchanged","duration":19.301400000000285,"failureMessages":[],"meta":{},"tags":[]},{"ancestorTitles":["SEC-AUTHZ-10: Staff/Admin cannot mutate attachments (view-only)"],"fullName":"SEC-AUTHZ-10: Staff/Admin cannot mutate attachments (view-only) Administrator delete -> 403 and the attachment is unchanged","status":"passed","title":"Administrator delete -> 403 and the attachment is unchanged","duration":18.430700000000797,"failureMessages":[],"meta":{},"tags":[]},{"ancestorTitles":["Supplementary — UNIT-AUTHZ-01: requireRole"],"fullName":"Supplementary — UNIT-AUTHZ-01: requireRole allows a listed role","status":"passed","title":"allows a listed role","duration":0.8357999999971071,"failureMessages":[],"meta":{},"tags":[]},{"ancestorTitles":["Supplementary — UNIT-AUTHZ-01: requireRole"],"fullName":"Supplementary — UNIT-AUTHZ-01: requireRole 403s a role that is not listed","status":"passed","title":"403s a role that is not listed","duration":0.9147999999986496,"failureMessages":[],"meta":{},"tags":[]},{"ancestorTitles":["Supplementary — UNIT-AUTHZ-01: requireRole"],"fullName":"Supplementary — UNIT-AUTHZ-01: requireRole allows both staff roles when both are listed","status":"passed","title":"allows both staff roles when both are listed","duration":0.8088999999999942,"failureMessages":[],"meta":{},"tags":[]},{"ancestorTitles":["Supplementary — UNIT-AUTHZ-01: requireRole"],"fullName":"Supplementary — UNIT-AUTHZ-01: requireRole 403s a Requester when only staff roles are listed","status":"passed","title":"403s a Requester when only staff roles are listed","duration":0.48760000000038417,"failureMessages":[],"meta":{},"tags":[]},{"ancestorTitles":["Supplementary — UNIT-AUTHZ-01: requireRole"],"fullName":"Supplementary — UNIT-AUTHZ-01: requireRole 401s when no identity is present","status":"passed","title":"401s when no identity is present","duration":0.702900000000227,"failureMessages":[],"meta":{},"tags":[]},{"ancestorTitles":["Supplementary — UNIT-AUTHZ-02: test seam is inert outside NODE_ENV=test"],"fullName":"Supplementary — UNIT-AUTHZ-02: test seam is inert outside NODE_ENV=test ignores testSeams.sessionIdentity when NODE_ENV=production","status":"passed","title":"ignores testSeams.sessionIdentity when NODE_ENV=production","duration":9.416699999997945,"failureMessages":[],"meta":{},"tags":[]},{"ancestorTitles":["Supplementary — UNIT-AUTHZ-02: test seam is inert outside NODE_ENV=test"],"fullName":"Supplementary — UNIT-AUTHZ-02: test seam is inert outside NODE_ENV=test honors testSeams.sessionIdentity when NODE_ENV=test","status":"passed","title":"honors testSeams.sessionIdentity when NODE_ENV=test","duration":15.300699999999779,"failureMessages":[],"meta":{},"tags":[]}],"startTime":1790331098059,"endTime":1790331113643.3008,"status":"passed","message":"","name":"C:/Users/kitti/CPE334/issue-42-worktree/server/tests/lab-03/authorization.api.test.ts"}]}